Drill report for C:\Users\rhoch\OneDrive\Documents\KiCAD\DICE\DICE-Main\DICE_3.2.kicad_pcb
Created on 22/03/2019 14:34:34

Copper Layer Stackup:
    =============================================================
    L1 :  F.Cu                      front
    L2 :  B.Cu                      back


Drill file 'DICE_3.2-PTH.drl' contains
    plated through holes:
    =============================================================
    T1  0.40mm  0.016"  (17 holes)
    T2  0.50mm  0.020"  (13 holes)
    T3  0.80mm  0.031"  (4 holes)
    T4  1.00mm  0.039"  (91 holes)
    T5  1.70mm  0.067"  (2 holes)

    Total plated holes count 127


Drill file 'DICE_3.2-NPTH.drl' contains
    unplated through holes:
    =============================================================
    T1  3.20mm  0.126"  (2 holes)

    Total unplated holes count 2
