Drill report for C:/Users/rhoch/OneDrive/Documents/KiCAD/DICE/DICE-Charging/DICE-Charging - 2.0.kicad_pcb
Created on 24/03/2019 18:15:26

Copper Layer Stackup:
    =============================================================
    L1 :  F.Cu                      front
    L2 :  B.Cu                      back


Drill file 'DICE-Charging - 2.0-PTH.drl' contains
    plated through holes:
    =============================================================
    T1  0.40mm  0.016"  (20 holes)
    T2  0.50mm  0.020"  (11 holes)
    T3  0.76mm  0.030"  (2 holes)
    T4  1.00mm  0.039"  (21 holes)
    T5  1.20mm  0.047"  (2 holes)
    T6  1.70mm  0.067"  (2 holes)

    Total plated holes count 58


Drill file 'DICE-Charging - 2.0-NPTH.drl' contains
    unplated through holes:
    =============================================================
    T1  3.20mm  0.126"  (2 holes)

    Total unplated holes count 2
